<?xml version="1.0" encoding="UTF-8"?>
<!-- Generated by org.testng.reporters.JUnitReportReporter -->
<testsuite hostname="DESKTOP-AHRFD9P" failures="0" tests="1" name="Test1" time="16.868" errors="0" timestamp="2020-12-18T19:36:26 IST" skipped="0">
  <testcase classname="Test1" name="testing" time="16.868"/>
  <system-out/>
</testsuite> <!-- Test1 -->
